j:\逆向\timsdk\cross-platform\windows\imapp\basic\duilib\build\immediate\win32\release\duilib\duilib.pdb
j:\逆向\timsdk\cross-platform\windows\imapp\basic\duilib\build\immediate\win32\release\duilib\uimenu.obj
j:\逆向\timsdk\cross-platform\windows\imapp\basic\duilib\build\immediate\win32\release\duilib\uilistex.obj
j:\逆向\timsdk\cross-platform\windows\imapp\basic\duilib\build\immediate\win32\release\duilib\uilist.obj
j:\逆向\timsdk\cross-platform\windows\imapp\basic\duilib\build\immediate\win32\release\duilib\uilabel.obj
j:\逆向\timsdk\cross-platform\windows\imapp\basic\duilib\build\immediate\win32\release\duilib\uiipaddressex.obj
j:\逆向\timsdk\cross-platform\windows\imapp\basic\duilib\build\immediate\win32\release\duilib\uiipaddress.obj
j:\逆向\timsdk\cross-platform\windows\imapp\basic\duilib\build\immediate\win32\release\duilib\uihotkey.obj
j:\逆向\timsdk\cross-platform\windows\imapp\basic\duilib\build\immediate\win32\release\duilib\uigroupbox.obj
j:\逆向\timsdk\cross-platform\windows\imapp\basic\duilib\build\immediate\win32\release\duilib\uigifanimex.obj
j:\逆向\timsdk\cross-platform\windows\imapp\basic\duilib\build\immediate\win32\release\duilib\uigifanim.obj
j:\逆向\timsdk\cross-platform\windows\imapp\basic\duilib\build\immediate\win32\release\duilib\uiflash.obj
j:\逆向\timsdk\cross-platform\windows\imapp\basic\duilib\build\immediate\win32\release\duilib\uifadebutton.obj
j:\逆向\timsdk\cross-platform\windows\imapp\basic\duilib\build\immediate\win32\release\duilib\uiedit.obj
j:\逆向\timsdk\cross-platform\windows\imapp\basic\duilib\build\immediate\win32\release\duilib\uidatetime.obj
j:\逆向\timsdk\cross-platform\windows\imapp\basic\duilib\build\immediate\win32\release\duilib\uicombobox.obj
j:\逆向\timsdk\cross-platform\windows\imapp\basic\duilib\build\immediate\win32\release\duilib\uicombo.obj
j:\逆向\timsdk\cross-platform\windows\imapp\basic\duilib\build\immediate\win32\release\duilib\uicolorpalette.obj
j:\逆向\timsdk\cross-platform\windows\imapp\basic\duilib\build\immediate\win32\release\duilib\uibutton.obj
j:\逆向\timsdk\cross-platform\windows\imapp\basic\duilib\build\immediate\win32\release\duilib\uianimation.obj
j:\逆向\timsdk\cross-platform\windows\imapp\basic\duilib\build\immediate\win32\release\duilib\uiactivex.obj
j:\逆向\timsdk\cross-platform\windows\imapp\basic\duilib\build\immediate\win32\release\duilib\uianimationtablayout.obj
j:\逆向\timsdk\cross-platform\windows\imapp\basic\duilib\build\immediate\win32\release\duilib\uiresourcemanager.obj
j:\逆向\timsdk\cross-platform\windows\imapp\basic\duilib\build\immediate\win32\release\duilib\uirender.obj
j:\逆向\timsdk\cross-platform\windows\imapp\basic\duilib\build\immediate\win32\release\duilib\uimarkup.obj
j:\逆向\timsdk\cross-platform\windows\imapp\basic\duilib\build\immediate\win32\release\duilib\uimanager.obj
j:\逆向\timsdk\cross-platform\windows\imapp\basic\duilib\build\immediate\win32\release\duilib\uidlgbuilder.obj
j:\逆向\timsdk\cross-platform\windows\imapp\basic\duilib\build\immediate\win32\release\duilib\uicontrol.obj
j:\逆向\timsdk\cross-platform\windows\imapp\basic\duilib\build\immediate\win32\release\duilib\uicontainer.obj
j:\逆向\timsdk\cross-platform\windows\imapp\basic\duilib\build\immediate\win32\release\duilib\uibase.obj
j:\逆向\timsdk\cross-platform\windows\imapp\basic\duilib\build\immediate\win32\release\duilib\controlfactory.obj
j:\逆向\timsdk\cross-platform\windows\imapp\basic\duilib\build\immediate\win32\release\duilib\uiwebbrowser.obj
j:\逆向\timsdk\cross-platform\windows\imapp\basic\duilib\build\immediate\win32\release\duilib\uitreeview.obj
j:\逆向\timsdk\cross-platform\windows\imapp\basic\duilib\build\immediate\win32\release\duilib\uitext.obj
j:\逆向\timsdk\cross-platform\windows\imapp\basic\duilib\build\immediate\win32\release\duilib\uislider.obj
j:\逆向\timsdk\cross-platform\windows\imapp\basic\duilib\build\immediate\win32\release\duilib\uiscrollbar.obj
j:\逆向\timsdk\cross-platform\windows\imapp\basic\duilib\build\immediate\win32\release\duilib\uirolltext.obj
j:\逆向\timsdk\cross-platform\windows\imapp\basic\duilib\build\immediate\win32\release\duilib\uiring.obj
j:\逆向\timsdk\cross-platform\windows\imapp\basic\duilib\build\immediate\win32\release\duilib\uirichedit.obj
j:\逆向\timsdk\cross-platform\windows\imapp\basic\duilib\build\immediate\win32\release\duilib\uiprogress.obj
j:\逆向\timsdk\cross-platform\windows\imapp\basic\duilib\build\immediate\win32\release\duilib\uioption.obj
j:\逆向\timsdk\cross-platform\windows\imapp\basic\duilib\build\immediate\win32\release\duilib\winimplbase.obj
j:\逆向\timsdk\cross-platform\windows\imapp\basic\duilib\build\immediate\win32\release\duilib\utils.obj
j:\逆向\timsdk\cross-platform\windows\imapp\basic\duilib\build\immediate\win32\release\duilib\unzip.obj
j:\逆向\timsdk\cross-platform\windows\imapp\basic\duilib\build\immediate\win32\release\duilib\uishadow.obj
j:\逆向\timsdk\cross-platform\windows\imapp\basic\duilib\build\immediate\win32\release\duilib\uidelegate.obj
j:\逆向\timsdk\cross-platform\windows\imapp\basic\duilib\build\immediate\win32\release\duilib\trayicon.obj
j:\逆向\timsdk\cross-platform\windows\imapp\basic\duilib\build\immediate\win32\release\duilib\dragdropimpl.obj
j:\逆向\timsdk\cross-platform\windows\imapp\basic\duilib\build\immediate\win32\release\duilib\dpi.obj
j:\逆向\timsdk\cross-platform\windows\imapp\basic\duilib\build\immediate\win32\release\duilib\uilib.obj
j:\逆向\timsdk\cross-platform\windows\imapp\basic\duilib\build\immediate\win32\release\duilib\stdafx.obj
j:\逆向\timsdk\cross-platform\windows\imapp\basic\duilib\build\immediate\win32\release\duilib\uiverticallayout.obj
j:\逆向\timsdk\cross-platform\windows\imapp\basic\duilib\build\immediate\win32\release\duilib\uitilelayout.obj
j:\逆向\timsdk\cross-platform\windows\imapp\basic\duilib\build\immediate\win32\release\duilib\uitablayout.obj
j:\逆向\timsdk\cross-platform\windows\imapp\basic\duilib\build\immediate\win32\release\duilib\uihorizontallayout.obj
j:\逆向\timsdk\cross-platform\windows\imapp\basic\duilib\build\immediate\win32\release\duilib\uichildlayout.obj
j:\逆向\timsdk\cross-platform\windows\imapp\basic\duilib\build\bin\win32\release\duilib.lib
g:\library\duilib\build\immediate\win32\release\duilib\controlfactory.obj
g:\library\duilib\build\immediate\win32\release\duilib\dpi.obj
g:\library\duilib\build\immediate\win32\release\duilib\dragdropimpl.obj
g:\library\duilib\build\immediate\win32\release\duilib\stdafx.obj
g:\library\duilib\build\immediate\win32\release\duilib\trayicon.obj
g:\library\duilib\build\immediate\win32\release\duilib\uiactivex.obj
g:\library\duilib\build\immediate\win32\release\duilib\uianimation.obj
g:\library\duilib\build\immediate\win32\release\duilib\uianimationtablayout.obj
g:\library\duilib\build\immediate\win32\release\duilib\uibase.obj
g:\library\duilib\build\immediate\win32\release\duilib\uibutton.obj
g:\library\duilib\build\immediate\win32\release\duilib\uichildlayout.obj
g:\library\duilib\build\immediate\win32\release\duilib\uicolorpalette.obj
g:\library\duilib\build\immediate\win32\release\duilib\uicombo.obj
g:\library\duilib\build\immediate\win32\release\duilib\uicombobox.obj
g:\library\duilib\build\immediate\win32\release\duilib\uicontainer.obj
g:\library\duilib\build\immediate\win32\release\duilib\uicontrol.obj
g:\library\duilib\build\immediate\win32\release\duilib\uidatetime.obj
g:\library\duilib\build\immediate\win32\release\duilib\uidelegate.obj
g:\library\duilib\build\immediate\win32\release\duilib\uidlgbuilder.obj
g:\library\duilib\build\immediate\win32\release\duilib\uiedit.obj
g:\library\duilib\build\immediate\win32\release\duilib\uifadebutton.obj
g:\library\duilib\build\immediate\win32\release\duilib\uiflash.obj
g:\library\duilib\build\immediate\win32\release\duilib\uigifanim.obj
g:\library\duilib\build\immediate\win32\release\duilib\uigifanimex.obj
g:\library\duilib\build\immediate\win32\release\duilib\uigroupbox.obj
g:\library\duilib\build\immediate\win32\release\duilib\uihorizontallayout.obj
g:\library\duilib\build\immediate\win32\release\duilib\uihotkey.obj
g:\library\duilib\build\immediate\win32\release\duilib\uiipaddress.obj
g:\library\duilib\build\immediate\win32\release\duilib\uiipaddressex.obj
g:\library\duilib\build\immediate\win32\release\duilib\uilabel.obj
g:\library\duilib\build\immediate\win32\release\duilib\uilib.obj
g:\library\duilib\build\immediate\win32\release\duilib\uilist.obj
g:\library\duilib\build\immediate\win32\release\duilib\uilistex.obj
g:\library\duilib\build\immediate\win32\release\duilib\uimanager.obj
g:\library\duilib\build\immediate\win32\release\duilib\uimarkup.obj
g:\library\duilib\build\immediate\win32\release\duilib\uimenu.obj
g:\library\duilib\build\immediate\win32\release\duilib\uioption.obj
g:\library\duilib\build\immediate\win32\release\duilib\uiprogress.obj
g:\library\duilib\build\immediate\win32\release\duilib\uirender.obj
g:\library\duilib\build\immediate\win32\release\duilib\uiresourcemanager.obj
g:\library\duilib\build\immediate\win32\release\duilib\uirichedit.obj
g:\library\duilib\build\immediate\win32\release\duilib\uiring.obj
g:\library\duilib\build\immediate\win32\release\duilib\uirolltext.obj
g:\library\duilib\build\immediate\win32\release\duilib\uiscrollbar.obj
g:\library\duilib\build\immediate\win32\release\duilib\uishadow.obj
g:\library\duilib\build\immediate\win32\release\duilib\uislider.obj
g:\library\duilib\build\immediate\win32\release\duilib\uitablayout.obj
g:\library\duilib\build\immediate\win32\release\duilib\uitext.obj
g:\library\duilib\build\immediate\win32\release\duilib\uitilelayout.obj
g:\library\duilib\build\immediate\win32\release\duilib\uitreeview.obj
g:\library\duilib\build\immediate\win32\release\duilib\uiverticallayout.obj
g:\library\duilib\build\immediate\win32\release\duilib\uiwebbrowser.obj
g:\library\duilib\build\immediate\win32\release\duilib\unzip.obj
g:\library\duilib\build\immediate\win32\release\duilib\utils.obj
g:\library\duilib\build\immediate\win32\release\duilib\winimplbase.obj
g:\library\duilib\build\immediate\win32\release\duilib\duilib.pdb
g:\library\duilib\build\immediate\win32\release\duilib\duilib.tlog\cl.command.1.tlog
g:\library\duilib\build\immediate\win32\release\duilib\duilib.tlog\cl.read.1.tlog
g:\library\duilib\build\immediate\win32\release\duilib\duilib.tlog\cl.write.1.tlog
g:\library\duilib\build\immediate\win32\release\duilib\duilib.tlog\lib-link.read.1.tlog
g:\library\duilib\build\immediate\win32\release\duilib\duilib.tlog\lib-link.write.1.tlog
g:\library\duilib\build\immediate\win32\release\duilib\duilib.tlog\lib.command.1.tlog
